This is pdfTeX, Version 3.141592653-2.6-1.40.23 (TeX Live 2022/dev) (preloaded format=pdflatex 2022.2.16)  16 FEB 2022 19:58
entering extended mode
 restricted \write18 enabled.
 %&-line parsing enabled.
**header.sty
(./header.sty
LaTeX2e <2021-11-15> patch level 1
L3 programming layer <2022-02-05>
! Undefined control sequence.
l.1 \onehalfspacing
                   
The control sequence at the end of the top line
of your error message was never \def'ed. If you have
misspelled it (e.g., `\hobx'), type `I' and the correct
spelling (e.g., `I\hbox'). Otherwise just continue,
and I'll forget about whatever was undefined.


! LaTeX Error: Missing \begin{document}.

See the LaTeX manual or LaTeX Companion for explanation.
Type  H <return>  for immediate help.
 ...                                              
                                                  
l.5 \begin{center}
                  
You're in trouble here.  Try typing  <return>  to proceed.
If that doesn't work, type  X <return>  to quit.


Overfull \hbox (20.0pt too wide) in paragraph at lines 5--5
[] 
 []

! Undefined control sequence.
l.6 \LARGE
          {\textbf{Identification cell type marker genes of the brain and th...
The control sequence at the end of the top line
of your error message was never \def'ed. If you have
misspelled it (e.g., `\hobx'), type `I' and the correct
spelling (e.g., `I\hbox'). Otherwise just continue,
and I'll forget about whatever was undefined.


Overfull \hbox (66.6524pt too wide) in paragraph at lines 6--6
 \OT1/cmr/bx/n/10 Identification 
 []


Overfull \hbox (16.77075pt too wide) in paragraph at lines 6--6
 \OT1/cmr/bx/n/10 cell 
 []


Overfull \hbox (22.20128pt too wide) in paragraph at lines 6--6
 \OT1/cmr/bx/n/10 type 
 []


Overfull \hbox (35.66649pt too wide) in paragraph at lines 6--6
 \OT1/cmr/bx/n/10 marker 
 []


Overfull \hbox (27.21652pt too wide) in paragraph at lines 6--6
 \OT1/cmr/bx/n/10 genes 
 []


Overfull \hbox (9.26384pt too wide) in paragraph at lines 6--6
 \OT1/cmr/bx/n/10 of 
 []


Overfull \hbox (16.13187pt too wide) in paragraph at lines 6--6
 \OT1/cmr/bx/n/10 the 
 []


Overfull \hbox (26.29846pt too wide) in paragraph at lines 6--6
 \OT1/cmr/bx/n/10 brain 
 []


Overfull \hbox (18.36794pt too wide) in paragraph at lines 6--6
 \OT1/cmr/bx/n/10 and 
 []


Overfull \hbox (24.0624pt too wide) in paragraph at lines 6--6
 \OT1/cmr/bx/n/10 their 
 []


Overfull \hbox (16.19574pt too wide) in paragraph at lines 6--6
 \OT1/cmr/bx/n/10 use 
 []


Overfull \hbox (9.58328pt too wide) in paragraph at lines 6--6
 \OT1/cmr/bx/n/10 in 
 []


Overfull \hbox (13.6402pt too wide) in paragraph at lines 6--6
 \OT1/cmr/bx/n/10 es- 
 []


Overfull \hbox (11.49994pt too wide) in paragraph at lines 6--6
 \OT1/cmr/bx/n/10 ti- 
 []


Overfull \hbox (19.00682pt too wide) in paragraph at lines 6--6
 \OT1/cmr/bx/n/10 ma- 
 []


Overfull \hbox (19.80545pt too wide) in paragraph at lines 6--6
 \OT1/cmr/bx/n/10 tion 
 []


Overfull \hbox (9.26384pt too wide) in paragraph at lines 6--6
 \OT1/cmr/bx/n/10 of 
 []


Overfull \hbox (16.77075pt too wide) in paragraph at lines 6--6
 \OT1/cmr/bx/n/10 cell 
 []


Overfull \hbox (22.20128pt too wide) in paragraph at lines 6--6
 \OT1/cmr/bx/n/10 type 
 []


Overfull \hbox (20.70824pt too wide) in paragraph at lines 6--6
 \OT1/cmr/bx/n/10 pro- 
 []


Overfull \hbox (21.02768pt too wide) in paragraph at lines 6--6
 \OT1/cmr/bx/n/10 por- 
 []


Overfull \hbox (24.34152pt too wide) in paragraph at lines 6--6
 \OT1/cmr/bx/n/10 tions 
 []

! Undefined control sequence.
l.8 \Large
          {\textbf{Thesis Proposal for Doctor of Philosophy(PhD) Degree}}\\
The control sequence at the end of the top line
of your error message was never \def'ed. If you have
misspelled it (e.g., `\hobx'), type `I' and the correct
spelling (e.g., `I\hbox'). Otherwise just continue,
and I'll forget about whatever was undefined.


Overfull \hbox (31.9262pt too wide) in paragraph at lines 8--8
 []\OT1/cmr/bx/n/10 Thesis 
 []


Overfull \hbox (22.18045pt too wide) in paragraph at lines 8--8
 \OT1/cmr/bx/n/10 Pro- 
 []


Overfull \hbox (25.77899pt too wide) in paragraph at lines 8--8
 \OT1/cmr/bx/n/10 posal 
 []


Overfull \hbox (13.99994pt too wide) in paragraph at lines 8--8
 \OT1/cmr/bx/n/10 for 
 []


Overfull \hbox (23.8332pt too wide) in paragraph at lines 8--8
 \OT1/cmr/bx/n/10 Doc- 
 []


Overfull \hbox (14.95827pt too wide) in paragraph at lines 8--8
 \OT1/cmr/bx/n/10 tor 
 []


Overfull \hbox (9.26384pt too wide) in paragraph at lines 8--8
 \OT1/cmr/bx/n/10 of 
 []


Overfull \hbox (21.27766pt too wide) in paragraph at lines 8--8
 \OT1/cmr/bx/n/10 Phi- 
 []


Overfull \hbox (17.31378pt too wide) in paragraph at lines 8--8
 \OT1/cmr/bx/n/10 los- 
 []


Overfull \hbox (9.58328pt too wide) in paragraph at lines 8--8
 \OT1/cmr/bx/n/10 o- 
 []


Overfull \hbox (50.5414pt too wide) in paragraph at lines 8--8
 \OT1/cmr/bx/n/10 phy(PhD) 
 []


Overfull \hbox (17.92352pt too wide) in paragraph at lines 8--8
 \OT1/cmr/bx/n/10 De- 
 []


Overfull \hbox (21.0277pt too wide) in paragraph at lines 8--8
 \OT1/cmr/bx/n/10 gree 
 []


! LaTeX Error: The font size command \normalsize is not defined:
               there is probably something wrong with the class file.

See the LaTeX manual or LaTeX Companion for explanation.
Type  H <return>  for immediate help.
 ...                                              
                                                  
l.9 \normalsize
               {UBC bioinformatics Graduate Program}\\
Your command was ignored.
Type  I <command> <return>  to replace it with another command,
or  <return>  to continue without it.

Missing character: There is no U in font nullfont!
Missing character: There is no B in font nullfont!
Missing character: There is no C in font nullfont!
Missing character: There is no b in font nullfont!
Missing character: There is no i in font nullfont!
Missing character: There is no o in font nullfont!
Missing character: There is no i in font nullfont!
Missing character: There is no n in font nullfont!
Missing character: There is no f in font nullfont!
Missing character: There is no o in font nullfont!
Missing character: There is no r in font nullfont!
Missing character: There is no m in font nullfont!
Missing character: There is no a in font nullfont!
Missing character: There is no t in font nullfont!
Missing character: There is no i in font nullfont!
Missing character: There is no c in font nullfont!
Missing character: There is no s in font nullfont!
Missing character: There is no G in font nullfont!
Missing character: There is no r in font nullfont!
Missing character: There is no a in font nullfont!
Missing character: There is no d in font nullfont!
Missing character: There is no u in font nullfont!
Missing character: There is no a in font nullfont!
Missing character: There is no t in font nullfont!
Missing character: There is no e in font nullfont!
Missing character: There is no P in font nullfont!
Missing character: There is no r in font nullfont!
Missing character: There is no o in font nullfont!
Missing character: There is no g in font nullfont!
Missing character: There is no r in font nullfont!
Missing character: There is no a in font nullfont!
Missing character: There is no m in font nullfont!
! Undefined control sequence.
l.11 \Large
           {Ogan Mancarci, B.Sc}\\
The control sequence at the end of the top line
of your error message was never \def'ed. If you have
misspelled it (e.g., `\hobx'), type `I' and the correct
spelling (e.g., `I\hbox'). Otherwise just continue,
and I'll forget about whatever was undefined.

Missing character: There is no O in font nullfont!
Missing character: There is no g in font nullfont!
Missing character: There is no a in font nullfont!
Missing character: There is no n in font nullfont!
Missing character: There is no M in font nullfont!
Missing character: There is no a in font nullfont!
Missing character: There is no n in font nullfont!
Missing character: There is no c in font nullfont!
Missing character: There is no a in font nullfont!
Missing character: There is no r in font nullfont!
Missing character: There is no c in font nullfont!
Missing character: There is no i in font nullfont!
Missing character: There is no , in font nullfont!
Missing character: There is no B in font nullfont!
Missing character: There is no . in font nullfont!
Missing character: There is no S in font nullfont!
Missing character: There is no c in font nullfont!
! Undefined control sequence.
l.13 \Large
           {\textbf{Thesis Supervisor}}\\
The control sequence at the end of the top line
of your error message was never \def'ed. If you have
misspelled it (e.g., `\hobx'), type `I' and the correct
spelling (e.g., `I\hbox'). Otherwise just continue,
and I'll forget about whatever was undefined.


Overfull \hbox (31.9262pt too wide) in paragraph at lines 13--13
 []\OT1/cmr/bx/n/10 Thesis 
 []


Overfull \hbox (16.61102pt too wide) in paragraph at lines 13--13
 \OT1/cmr/bx/n/10 Su- 
 []


Overfull \hbox (20.54852pt too wide) in paragraph at lines 13--13
 \OT1/cmr/bx/n/10 per- 
 []


Overfull \hbox (13.09715pt too wide) in paragraph at lines 13--13
 \OT1/cmr/bx/n/10 vi- 
 []


Overfull \hbox (15.02214pt too wide) in paragraph at lines 13--13
 \OT1/cmr/bx/n/10 sor 
 []

Missing character: There is no D in font nullfont!
Missing character: There is no r in font nullfont!
Missing character: There is no . in font nullfont!
Missing character: There is no P in font nullfont!
Missing character: There is no a in font nullfont!
Missing character: There is no u in font nullfont!
Missing character: There is no l in font nullfont!
Missing character: There is no P in font nullfont!
Missing character: There is no a in font nullfont!
Missing character: There is no v in font nullfont!
Missing character: There is no l in font nullfont!
Missing character: There is no i in font nullfont!
Missing character: There is no d in font nullfont!
Missing character: There is no i in font nullfont!
Missing character: There is no s in font nullfont!
! Undefined control sequence.
l.16 \Large
           {\textbf{Committee Members}}\\
The control sequence at the end of the top line
of your error message was never \def'ed. If you have
misspelled it (e.g., `\hobx'), type `I' and the correct
spelling (e.g., `I\hbox'). Otherwise just continue,
and I'll forget about whatever was undefined.


Overfull \hbox (55.9025pt too wide) in paragraph at lines 16--16
 []\OT1/cmr/bx/n/10 Committee 
 []


Overfull \hbox (29.60402pt too wide) in paragraph at lines 16--16
 \OT1/cmr/bx/n/10 Mem- 
 []


Overfull \hbox (21.25128pt too wide) in paragraph at lines 16--16
 \OT1/cmr/bx/n/10 bers 
 []

Missing character: There is no D in font nullfont!
Missing character: There is no r in font nullfont!
Missing character: There is no . in font nullfont!
Missing character: There is no C in font nullfont!
Missing character: There is no l in font nullfont!
Missing character: There is no a in font nullfont!
Missing character: There is no r in font nullfont!
Missing character: There is no e in font nullfont!
Missing character: There is no B in font nullfont!
Missing character: There is no e in font nullfont!
Missing character: There is no a in font nullfont!
Missing character: There is no s in font nullfont!
Missing character: There is no l in font nullfont!
Missing character: There is no e in font nullfont!
Missing character: There is no y in font nullfont!
Missing character: There is no D in font nullfont!
Missing character: There is no r in font nullfont!
Missing character: There is no . in font nullfont!
Missing character: There is no S in font nullfont!
Missing character: There is no h in font nullfont!
Missing character: There is no e in font nullfont!
Missing character: There is no r in font nullfont!
Missing character: There is no n in font nullfont!
Missing character: There is no a in font nullfont!
Missing character: There is no z in font nullfont!
Missing character: There is no B in font nullfont!
Missing character: There is no a in font nullfont!
Missing character: There is no m in font nullfont!
Missing character: There is no j in font nullfont!
Missing character: There is no i in font nullfont!
Missing character: There is no D in font nullfont!
Missing character: There is no r in font nullfont!
Missing character: There is no . in font nullfont!
Missing character: There is no S in font nullfont!
Missing character: There is no a in font nullfont!
Missing character: There is no r in font nullfont!
Missing character: There is no a in font nullfont!
Missing character: There is no M in font nullfont!
Missing character: There is no o in font nullfont!
Missing character: There is no s in font nullfont!
Missing character: There is no t in font nullfont!
Missing character: There is no a in font nullfont!
Missing character: There is no f in font nullfont!
Missing character: There is no a in font nullfont!
Missing character: There is no v in font nullfont!
Missing character: There is no i in font nullfont!
! Undefined control sequence.
l.21 \Large
           {\textbf{Chair}}\\
The control sequence at the end of the top line
of your error message was never \def'ed. If you have
misspelled it (e.g., `\hobx'), type `I' and the correct
spelling (e.g., `I\hbox'). Otherwise just continue,
and I'll forget about whatever was undefined.


Overfull \hbox (28.21512pt too wide) in paragraph at lines 21--21
 []\OT1/cmr/bx/n/10 Chair 
 []

Missing character: There is no D in font nullfont!
Missing character: There is no r in font nullfont!
Missing character: There is no . in font nullfont!
Missing character: There is no R in font nullfont!
Missing character: There is no y in font nullfont!
Missing character: There is no a in font nullfont!
Missing character: There is no n in font nullfont!
Missing character: There is no B in font nullfont!
Missing character: There is no r in font nullfont!
Missing character: There is no i in font nullfont!
Missing character: There is no n in font nullfont!
Missing character: There is no k in font nullfont!
Missing character: There is no m in font nullfont!
Missing character: There is no a in font nullfont!
Missing character: There is no n in font nullfont!
! Undefined control sequence.
l.24 \Large
           {\textbf{Examination Date}}\\
The control sequence at the end of the top line
of your error message was never \def'ed. If you have
misspelled it (e.g., `\hobx'), type `I' and the correct
spelling (e.g., `I\hbox'). Otherwise just continue,
and I'll forget about whatever was undefined.


Overfull \hbox (63.77739pt too wide) in paragraph at lines 24--24
 []\OT1/cmr/bx/n/10 Examination 
 []


Overfull \hbox (24.15263pt too wide) in paragraph at lines 24--24
 \OT1/cmr/bx/n/10 Date 
 []

Missing character: There is no J in font nullfont!
Missing character: There is no u in font nullfont!
Missing character: There is no n in font nullfont!
Missing character: There is no e in font nullfont!
Missing character: There is no 1 in font nullfont!
Missing character: There is no 9 in font nullfont!
Missing character: There is no , in font nullfont!
Missing character: There is no 2 in font nullfont!
Missing character: There is no 0 in font nullfont!
Missing character: There is no 1 in font nullfont!
Missing character: There is no 5 in font nullfont!
! Undefined control sequence.
l.29 \doublespacing
                   
The control sequence at the end of the top line
of your error message was never \def'ed. If you have
misspelled it (e.g., `\hobx'), type `I' and the correct
spelling (e.g., `I\hbox'). Otherwise just continue,
and I'll forget about whatever was undefined.

! Undefined control sequence.
l.31 \hypersetup
                {linkcolor = black}
The control sequence at the end of the top line
of your error message was never \def'ed. If you have
misspelled it (e.g., `\hobx'), type `I' and the correct
spelling (e.g., `I\hbox'). Otherwise just continue,
and I'll forget about whatever was undefined.

Missing character: There is no l in font nullfont!
Missing character: There is no i in font nullfont!
Missing character: There is no n in font nullfont!
Missing character: There is no k in font nullfont!
Missing character: There is no c in font nullfont!
Missing character: There is no o in font nullfont!
Missing character: There is no l in font nullfont!
Missing character: There is no o in font nullfont!
Missing character: There is no r in font nullfont!
Missing character: There is no = in font nullfont!
Missing character: There is no b in font nullfont!
Missing character: There is no l in font nullfont!
Missing character: There is no a in font nullfont!
Missing character: There is no c in font nullfont!
Missing character: There is no k in font nullfont!

Overfull \hbox (20.0pt too wide) in paragraph at lines 31--32
[]
 []


! LaTeX Error: The font size command \normalsize is not defined:
               there is probably something wrong with the class file.

See the LaTeX manual or LaTeX Companion for explanation.
Type  H <return>  for immediate help.
 ...                                              
                                                  
l.32 \newpage
             
Your command was ignored.
Type  I <command> <return>  to replace it with another command,
or  <return>  to continue without it.

[1{/Users/natashahopkins/Library/TinyTeX/texmf-var/fonts/map/pdftex/updmap/pdftex.map}]
! Undefined control sequence.
l.34 \tableofcontents
                     
The control sequence at the end of the top line
of your error message was never \def'ed. If you have
misspelled it (e.g., `\hobx'), type `I' and the correct
spelling (e.g., `I\hbox'). Otherwise just continue,
and I'll forget about whatever was undefined.

! Undefined control sequence.
<argument> ...ontentsline {section}{\contentsname 
                                                  }{\thepage }{}\protected@f...
l.35 \addcontentsline{toc}{section}{\contentsname}
                                                  
The control sequence at the end of the top line
of your error message was never \def'ed. If you have
misspelled it (e.g., `\hobx'), type `I' and the correct
spelling (e.g., `I\hbox'). Otherwise just continue,
and I'll forget about whatever was undefined.

! Undefined control sequence.
l.40 \listoffigures
                   
The control sequence at the end of the top line
of your error message was never \def'ed. If you have
misspelled it (e.g., `\hobx'), type `I' and the correct
spelling (e.g., `I\hbox'). Otherwise just continue,
and I'll forget about whatever was undefined.

! Undefined control sequence.
l.43 \listoftables
                  
The control sequence at the end of the top line
of your error message was never \def'ed. If you have
misspelled it (e.g., `\hobx'), type `I' and the correct
spelling (e.g., `I\hbox'). Otherwise just continue,
and I'll forget about whatever was undefined.

! Undefined control sequence.
l.45 \doublespacing
                   
The control sequence at the end of the top line
of your error message was never \def'ed. If you have
misspelled it (e.g., `\hobx'), type `I' and the correct
spelling (e.g., `I\hbox'). Otherwise just continue,
and I'll forget about whatever was undefined.

! Undefined control sequence.
l.49 \hypersetup
                {linkcolor = blue}\onehalfspacing
The control sequence at the end of the top line
of your error message was never \def'ed. If you have
misspelled it (e.g., `\hobx'), type `I' and the correct
spelling (e.g., `I\hbox'). Otherwise just continue,
and I'll forget about whatever was undefined.

Missing character: There is no l in font nullfont!
Missing character: There is no i in font nullfont!
Missing character: There is no n in font nullfont!
Missing character: There is no k in font nullfont!
Missing character: There is no c in font nullfont!
Missing character: There is no o in font nullfont!
Missing character: There is no l in font nullfont!
Missing character: There is no o in font nullfont!
Missing character: There is no r in font nullfont!
Missing character: There is no = in font nullfont!
Missing character: There is no b in font nullfont!
Missing character: There is no l in font nullfont!
Missing character: There is no u in font nullfont!
Missing character: There is no e in font nullfont!
! Undefined control sequence.
l.49 \hypersetup{linkcolor = blue}\onehalfspacing
                                                 
The control sequence at the end of the top line
of your error message was never \def'ed. If you have
misspelled it (e.g., `\hobx'), type `I' and the correct
spelling (e.g., `I\hbox'). Otherwise just continue,
and I'll forget about whatever was undefined.


Overfull \hbox (20.0pt too wide) in paragraph at lines 49--51
[]
 []


Overfull \hbox (20.0pt too wide) in paragraph at lines 53--53
[] 
 []

! Undefined control sequence.
l.54 \LARGE
           {\textbf{Identification cell type marker genes of the brain and t...
The control sequence at the end of the top line
of your error message was never \def'ed. If you have
misspelled it (e.g., `\hobx'), type `I' and the correct
spelling (e.g., `I\hbox'). Otherwise just continue,
and I'll forget about whatever was undefined.


Overfull \hbox (66.6524pt too wide) in paragraph at lines 54--54
 \OT1/cmr/bx/n/10 Identification 
 []


Overfull \hbox (16.77075pt too wide) in paragraph at lines 54--54
 \OT1/cmr/bx/n/10 cell 
 []


Overfull \hbox (22.20128pt too wide) in paragraph at lines 54--54
 \OT1/cmr/bx/n/10 type 
 []


Overfull \hbox (35.66649pt too wide) in paragraph at lines 54--54
 \OT1/cmr/bx/n/10 marker 
 []


Overfull \hbox (27.21652pt too wide) in paragraph at lines 54--54
 \OT1/cmr/bx/n/10 genes 
 []


Overfull \hbox (9.26384pt too wide) in paragraph at lines 54--54
 \OT1/cmr/bx/n/10 of 
 []


Overfull \hbox (16.13187pt too wide) in paragraph at lines 54--54
 \OT1/cmr/bx/n/10 the 
 []


Overfull \hbox (26.29846pt too wide) in paragraph at lines 54--54
 \OT1/cmr/bx/n/10 brain 
 []


Overfull \hbox (18.36794pt too wide) in paragraph at lines 54--54
 \OT1/cmr/bx/n/10 and 
 []


Overfull \hbox (24.0624pt too wide) in paragraph at lines 54--54
 \OT1/cmr/bx/n/10 their 
 []


Overfull \hbox (16.19574pt too wide) in paragraph at lines 54--54
 \OT1/cmr/bx/n/10 use 
 []


Overfull \hbox (9.58328pt too wide) in paragraph at lines 54--54
 \OT1/cmr/bx/n/10 in 
 []


Overfull \hbox (13.6402pt too wide) in paragraph at lines 54--54
 \OT1/cmr/bx/n/10 es- 
 []


Overfull \hbox (11.49994pt too wide) in paragraph at lines 54--54
 \OT1/cmr/bx/n/10 ti- 
 []


Overfull \hbox (19.00682pt too wide) in paragraph at lines 54--54
 \OT1/cmr/bx/n/10 ma- 
 []


Overfull \hbox (19.80545pt too wide) in paragraph at lines 54--54
 \OT1/cmr/bx/n/10 tion 
 []


Overfull \hbox (9.26384pt too wide) in paragraph at lines 54--54
 \OT1/cmr/bx/n/10 of 
 []


Overfull \hbox (16.77075pt too wide) in paragraph at lines 54--54
 \OT1/cmr/bx/n/10 cell 
 []


Overfull \hbox (22.20128pt too wide) in paragraph at lines 54--54
 \OT1/cmr/bx/n/10 type 
 []


Overfull \hbox (20.70824pt too wide) in paragraph at lines 54--54
 \OT1/cmr/bx/n/10 pro- 
 []


Overfull \hbox (21.02768pt too wide) in paragraph at lines 54--54
 \OT1/cmr/bx/n/10 por- 
 []


Overfull \hbox (24.34152pt too wide) in paragraph at lines 54--54
 \OT1/cmr/bx/n/10 tions 
 []

! Undefined control sequence.
l.56 \Large
           {\textbf{Thesis Proposal for Doctor of Philosophy(PhD) Degree}}\\
The control sequence at the end of the top line
of your error message was never \def'ed. If you have
misspelled it (e.g., `\hobx'), type `I' and the correct
spelling (e.g., `I\hbox'). Otherwise just continue,
and I'll forget about whatever was undefined.


Overfull \hbox (31.9262pt too wide) in paragraph at lines 56--56
 []\OT1/cmr/bx/n/10 Thesis 
 []


Overfull \hbox (22.18045pt too wide) in paragraph at lines 56--56
 \OT1/cmr/bx/n/10 Pro- 
 []


Overfull \hbox (25.77899pt too wide) in paragraph at lines 56--56
 \OT1/cmr/bx/n/10 posal 
 []


Overfull \hbox (13.99994pt too wide) in paragraph at lines 56--56
 \OT1/cmr/bx/n/10 for 
 []


Overfull \hbox (23.8332pt too wide) in paragraph at lines 56--56
 \OT1/cmr/bx/n/10 Doc- 
 []


Overfull \hbox (14.95827pt too wide) in paragraph at lines 56--56
 \OT1/cmr/bx/n/10 tor 
 []


Overfull \hbox (9.26384pt too wide) in paragraph at lines 56--56
 \OT1/cmr/bx/n/10 of 
 []


Overfull \hbox (21.27766pt too wide) in paragraph at lines 56--56
 \OT1/cmr/bx/n/10 Phi- 
 []


Overfull \hbox (17.31378pt too wide) in paragraph at lines 56--56
 \OT1/cmr/bx/n/10 los- 
 []


Overfull \hbox (9.58328pt too wide) in paragraph at lines 56--56
 \OT1/cmr/bx/n/10 o- 
 []


Overfull \hbox (50.5414pt too wide) in paragraph at lines 56--56
 \OT1/cmr/bx/n/10 phy(PhD) 
 []


Overfull \hbox (17.92352pt too wide) in paragraph at lines 56--56
 \OT1/cmr/bx/n/10 De- 
 []


Overfull \hbox (21.0277pt too wide) in paragraph at lines 56--56
 \OT1/cmr/bx/n/10 gree 
 []


! LaTeX Error: The font size command \normalsize is not defined:
               there is probably something wrong with the class file.

See the LaTeX manual or LaTeX Companion for explanation.
Type  H <return>  for immediate help.
 ...                                              
                                                  
l.57 \normalsize
                {UBC bioinformatics Graduate Program}\\
Your command was ignored.
Type  I <command> <return>  to replace it with another command,
or  <return>  to continue without it.

Missing character: There is no U in font nullfont!
Missing character: There is no B in font nullfont!
Missing character: There is no C in font nullfont!
Missing character: There is no b in font nullfont!
Missing character: There is no i in font nullfont!
Missing character: There is no o in font nullfont!
Missing character: There is no i in font nullfont!
Missing character: There is no n in font nullfont!
Missing character: There is no f in font nullfont!
Missing character: There is no o in font nullfont!
Missing character: There is no r in font nullfont!
Missing character: There is no m in font nullfont!
Missing character: There is no a in font nullfont!
Missing character: There is no t in font nullfont!
Missing character: There is no i in font nullfont!
Missing character: There is no c in font nullfont!
Missing character: There is no s in font nullfont!
Missing character: There is no G in font nullfont!
Missing character: There is no r in font nullfont!
Missing character: There is no a in font nullfont!
Missing character: There is no d in font nullfont!
Missing character: There is no u in font nullfont!
Missing character: There is no a in font nullfont!
Missing character: There is no t in font nullfont!
Missing character: There is no e in font nullfont!
Missing character: There is no P in font nullfont!
Missing character: There is no r in font nullfont!
Missing character: There is no o in font nullfont!
Missing character: There is no g in font nullfont!
Missing character: There is no r in font nullfont!
Missing character: There is no a in font nullfont!
Missing character: There is no m in font nullfont!
! Undefined control sequence.
l.59 \Large
           {Ogan Mancarci, B.Sc}\\
The control sequence at the end of the top line
of your error message was never \def'ed. If you have
misspelled it (e.g., `\hobx'), type `I' and the correct
spelling (e.g., `I\hbox'). Otherwise just continue,
and I'll forget about whatever was undefined.

Missing character: There is no O in font nullfont!
Missing character: There is no g in font nullfont!
Missing character: There is no a in font nullfont!
Missing character: There is no n in font nullfont!
Missing character: There is no M in font nullfont!
Missing character: There is no a in font nullfont!
Missing character: There is no n in font nullfont!
Missing character: There is no c in font nullfont!
Missing character: There is no a in font nullfont!
Missing character: There is no r in font nullfont!
Missing character: There is no c in font nullfont!
Missing character: There is no i in font nullfont!
Missing character: There is no , in font nullfont!
Missing character: There is no B in font nullfont!
Missing character: There is no . in font nullfont!
Missing character: There is no S in font nullfont!
Missing character: There is no c in font nullfont!
! Undefined control sequence.
l.61 \Large
           {\textbf{Thesis Supervisor}}\\
The control sequence at the end of the top line
of your error message was never \def'ed. If you have
misspelled it (e.g., `\hobx'), type `I' and the correct
spelling (e.g., `I\hbox'). Otherwise just continue,
and I'll forget about whatever was undefined.


Overfull \hbox (31.9262pt too wide) in paragraph at lines 61--61
 []\OT1/cmr/bx/n/10 Thesis 
 []


Overfull \hbox (16.61102pt too wide) in paragraph at lines 61--61
 \OT1/cmr/bx/n/10 Su- 
 []


Overfull \hbox (20.54852pt too wide) in paragraph at lines 61--61
 \OT1/cmr/bx/n/10 per- 
 []


Overfull \hbox (13.09715pt too wide) in paragraph at lines 61--61
 \OT1/cmr/bx/n/10 vi- 
 []


Overfull \hbox (15.02214pt too wide) in paragraph at lines 61--61
 \OT1/cmr/bx/n/10 sor 
 []

Missing character: There is no D in font nullfont!
Missing character: There is no r in font nullfont!
Missing character: There is no . in font nullfont!
Missing character: There is no P in font nullfont!
Missing character: There is no a in font nullfont!
Missing character: There is no u in font nullfont!
Missing character: There is no l in font nullfont!
Missing character: There is no P in font nullfont!
Missing character: There is no a in font nullfont!
Missing character: There is no v in font nullfont!
Missing character: There is no l in font nullfont!
Missing character: There is no i in font nullfont!
Missing character: There is no d in font nullfont!
Missing character: There is no i in font nullfont!
Missing character: There is no s in font nullfont!
! Undefined control sequence.
l.64 \Large
           {\textbf{Committee Members}}\\
The control sequence at the end of the top line
of your error message was never \def'ed. If you have
misspelled it (e.g., `\hobx'), type `I' and the correct
spelling (e.g., `I\hbox'). Otherwise just continue,
and I'll forget about whatever was undefined.


Overfull \hbox (55.9025pt too wide) in paragraph at lines 64--64
 []\OT1/cmr/bx/n/10 Committee 
 []


Overfull \hbox (29.60402pt too wide) in paragraph at lines 64--64
 \OT1/cmr/bx/n/10 Mem- 
 []


Overfull \hbox (21.25128pt too wide) in paragraph at lines 64--64
 \OT1/cmr/bx/n/10 bers 
 []

Missing character: There is no D in font nullfont!
Missing character: There is no r in font nullfont!
Missing character: There is no . in font nullfont!
Missing character: There is no C in font nullfont!
Missing character: There is no l in font nullfont!
Missing character: There is no a in font nullfont!
Missing character: There is no r in font nullfont!
Missing character: There is no e in font nullfont!
Missing character: There is no B in font nullfont!
Missing character: There is no e in font nullfont!
Missing character: There is no a in font nullfont!
Missing character: There is no s in font nullfont!
Missing character: There is no l in font nullfont!
Missing character: There is no e in font nullfont!
Missing character: There is no y in font nullfont!
Missing character: There is no D in font nullfont!
Missing character: There is no r in font nullfont!
Missing character: There is no . in font nullfont!
Missing character: There is no S in font nullfont!
Missing character: There is no h in font nullfont!
Missing character: There is no e in font nullfont!
Missing character: There is no r in font nullfont!
Missing character: There is no n in font nullfont!
Missing character: There is no a in font nullfont!
Missing character: There is no z in font nullfont!
Missing character: There is no B in font nullfont!
Missing character: There is no a in font nullfont!
Missing character: There is no m in font nullfont!
Missing character: There is no j in font nullfont!
Missing character: There is no i in font nullfont!
Missing character: There is no D in font nullfont!
Missing character: There is no r in font nullfont!
Missing character: There is no . in font nullfont!
Missing character: There is no S in font nullfont!
Missing character: There is no a in font nullfont!
Missing character: There is no r in font nullfont!
Missing character: There is no a in font nullfont!
Missing character: There is no M in font nullfont!
Missing character: There is no o in font nullfont!
Missing character: There is no s in font nullfont!
Missing character: There is no t in font nullfont!
Missing character: There is no a in font nullfont!
Missing character: There is no f in font nullfont!
Missing character: There is no a in font nullfont!
Missing character: There is no v in font nullfont!
Missing character: There is no i in font nullfont!
! Undefined control sequence.
l.69 \Large
           {\textbf{Chair}}\\
The control sequence at the end of the top line
of your error message was never \def'ed. If you have
misspelled it (e.g., `\hobx'), type `I' and the correct
spelling (e.g., `I\hbox'). Otherwise just continue,
and I'll forget about whatever was undefined.


Overfull \hbox (28.21512pt too wide) in paragraph at lines 69--69
 []\OT1/cmr/bx/n/10 Chair 
 []

Missing character: There is no D in font nullfont!
Missing character: There is no r in font nullfont!
Missing character: There is no . in font nullfont!
Missing character: There is no R in font nullfont!
Missing character: There is no y in font nullfont!
Missing character: There is no a in font nullfont!
Missing character: There is no n in font nullfont!
Missing character: There is no B in font nullfont!
Missing character: There is no r in font nullfont!
Missing character: There is no i in font nullfont!
Missing character: There is no n in font nullfont!
Missing character: There is no k in font nullfont!
Missing character: There is no m in font nullfont!
Missing character: There is no a in font nullfont!
Missing character: There is no n in font nullfont!
! Undefined control sequence.
l.72 \Large
           {\textbf{Examination Date}}\\
The control sequence at the end of the top line
of your error message was never \def'ed. If you have
misspelled it (e.g., `\hobx'), type `I' and the correct
spelling (e.g., `I\hbox'). Otherwise just continue,
and I'll forget about whatever was undefined.


Overfull \hbox (63.77739pt too wide) in paragraph at lines 72--72
 []\OT1/cmr/bx/n/10 Examination 
 []


Overfull \hbox (24.15263pt too wide) in paragraph at lines 72--72
 \OT1/cmr/bx/n/10 Date 
 []

Missing character: There is no J in font nullfont!
Missing character: There is no u in font nullfont!
Missing character: There is no n in font nullfont!
Missing character: There is no e in font nullfont!
Missing character: There is no 1 in font nullfont!
Missing character: There is no 9 in font nullfont!
Missing character: There is no , in font nullfont!
Missing character: There is no 2 in font nullfont!
Missing character: There is no 0 in font nullfont!
Missing character: There is no 1 in font nullfont!
Missing character: There is no 5 in font nullfont!
! Undefined control sequence.
l.77 \doublespacing
                   
The control sequence at the end of the top line
of your error message was never \def'ed. If you have
misspelled it (e.g., `\hobx'), type `I' and the correct
spelling (e.g., `I\hbox'). Otherwise just continue,
and I'll forget about whatever was undefined.

! Undefined control sequence.
l.79 \hypersetup
                {linkcolor = black}
The control sequence at the end of the top line
of your error message was never \def'ed. If you have
misspelled it (e.g., `\hobx'), type `I' and the correct
spelling (e.g., `I\hbox'). Otherwise just continue,
and I'll forget about whatever was undefined.

Missing character: There is no l in font nullfont!
Missing character: There is no i in font nullfont!
Missing character: There is no n in font nullfont!
Missing character: There is no k in font nullfont!
Missing character: There is no c in font nullfont!
Missing character: There is no o in font nullfont!
Missing character: There is no l in font nullfont!
Missing character: There is no o in font nullfont!
Missing character: There is no r in font nullfont!
Missing character: There is no = in font nullfont!
Missing character: There is no b in font nullfont!
Missing character: There is no l in font nullfont!
Missing character: There is no a in font nullfont!
Missing character: There is no c in font nullfont!
Missing character: There is no k in font nullfont!

Overfull \hbox (20.0pt too wide) in paragraph at lines 79--80
[]
 []


! LaTeX Error: The font size command \normalsize is not defined:
               there is probably something wrong with the class file.

See the LaTeX manual or LaTeX Companion for explanation.
Type  H <return>  for immediate help.
 ...                                              
                                                  
l.80 \newpage
             
Your command was ignored.
Type  I <command> <return>  to replace it with another command,
or  <return>  to continue without it.

[1
\@writefile{toc}{\contentsline {section}{}{}{}\protected@file@percent }
]
! Undefined control sequence.
l.82 \tableofcontents
                     
The control sequence at the end of the top line
of your error message was never \def'ed. If you have
misspelled it (e.g., `\hobx'), type `I' and the correct
spelling (e.g., `I\hbox'). Otherwise just continue,
and I'll forget about whatever was undefined.

! Undefined control sequence.
<argument> ...ontentsline {section}{\contentsname 
                                                  }{\thepage }{}\protected@f...
l.83 \addcontentsline{toc}{section}{\contentsname}
                                                  
The control sequence at the end of the top line
of your error message was never \def'ed. If you have
misspelled it (e.g., `\hobx'), type `I' and the correct
spelling (e.g., `I\hbox'). Otherwise just continue,
and I'll forget about whatever was undefined.

! Undefined control sequence.
l.88 \listoffigures
                   
The control sequence at the end of the top line
of your error message was never \def'ed. If you have
misspelled it (e.g., `\hobx'), type `I' and the correct
spelling (e.g., `I\hbox'). Otherwise just continue,
and I'll forget about whatever was undefined.

! Undefined control sequence.
l.91 \listoftables
                  
The control sequence at the end of the top line
of your error message was never \def'ed. If you have
misspelled it (e.g., `\hobx'), type `I' and the correct
spelling (e.g., `I\hbox'). Otherwise just continue,
and I'll forget about whatever was undefined.

! Undefined control sequence.
l.93 \doublespacing
                   
The control sequence at the end of the top line
of your error message was never \def'ed. If you have
misspelled it (e.g., `\hobx'), type `I' and the correct
spelling (e.g., `I\hbox'). Otherwise just continue,
and I'll forget about whatever was undefined.

! Undefined control sequence.
l.97 \hypersetup
                {linkcolor = blue}
The control sequence at the end of the top line
of your error message was never \def'ed. If you have
misspelled it (e.g., `\hobx'), type `I' and the correct
spelling (e.g., `I\hbox'). Otherwise just continue,
and I'll forget about whatever was undefined.

Missing character: There is no l in font nullfont!
Missing character: There is no i in font nullfont!
Missing character: There is no n in font nullfont!
Missing character: There is no k in font nullfont!
Missing character: There is no c in font nullfont!
Missing character: There is no o in font nullfont!
Missing character: There is no l in font nullfont!
Missing character: There is no o in font nullfont!
Missing character: There is no r in font nullfont!
Missing character: There is no = in font nullfont!
Missing character: There is no b in font nullfont!
Missing character: There is no l in font nullfont!
Missing character: There is no u in font nullfont!
Missing character: There is no e in font nullfont!
)
! Emergency stop.
<*> header.sty
              
*** (job aborted, no legal \end found)

 
Here is how much of TeX's memory you used:
 23 strings out of 480238
 448 string characters out of 5894352
 288154 words of memory out of 5000000
 18072 multiletter control sequences out of 15000+600000
 469567 words of font info for 29 fonts, out of 8000000 for 9000
 14 hyphenation exceptions out of 8191
 23i,5n,23p,174b,118s stack positions out of 5000i,500n,10000p,200000b,80000s
!  ==> Fatal error occurred, no output PDF file produced!
